[2023-11-09T01:57:18.973+0000] {processor.py:157} INFO - Started process (PID=188) to work on /opt/airflow/dags/my_first_dag.py
[2023-11-09T01:57:18.975+0000] {processor.py:829} INFO - Processing file /opt/airflow/dags/my_first_dag.py for tasks to queue
[2023-11-09T01:57:18.977+0000] {logging_mixin.py:151} INFO - [2023-11-09T01:57:18.976+0000] {dagbag.py:536} INFO - Filling up the DagBag from /opt/airflow/dags/my_first_dag.py
[2023-11-09T01:57:19.033+0000] {processor.py:839} INFO - DAG(s) dict_keys(['demo']) retrieved from /opt/airflow/dags/my_first_dag.py
[2023-11-09T01:57:19.278+0000] {logging_mixin.py:151} INFO - [2023-11-09T01:57:19.277+0000] {dag.py:2941} INFO - Sync 1 DAGs
[2023-11-09T01:57:19.399+0000] {logging_mixin.py:151} INFO - [2023-11-09T01:57:19.399+0000] {dag.py:3722} INFO - Setting next_dagrun for demo to 2023-11-09T00:00:00+00:00, run_after=2023-11-10T00:00:00+00:00
[2023-11-09T01:57:19.516+0000] {processor.py:179} INFO - Processing /opt/airflow/dags/my_first_dag.py took 0.548 seconds
[2023-11-09T01:57:49.967+0000] {processor.py:157} INFO - Started process (PID=206) to work on /opt/airflow/dags/my_first_dag.py
[2023-11-09T01:57:49.968+0000] {processor.py:829} INFO - Processing file /opt/airflow/dags/my_first_dag.py for tasks to queue
[2023-11-09T01:57:49.970+0000] {logging_mixin.py:151} INFO - [2023-11-09T01:57:49.970+0000] {dagbag.py:536} INFO - Filling up the DagBag from /opt/airflow/dags/my_first_dag.py
[2023-11-09T01:57:50.023+0000] {processor.py:839} INFO - DAG(s) dict_keys(['demo']) retrieved from /opt/airflow/dags/my_first_dag.py
[2023-11-09T01:57:50.062+0000] {logging_mixin.py:151} INFO - [2023-11-09T01:57:50.061+0000] {dag.py:2941} INFO - Sync 1 DAGs
[2023-11-09T01:57:50.104+0000] {logging_mixin.py:151} INFO - [2023-11-09T01:57:50.104+0000] {dag.py:3722} INFO - Setting next_dagrun for demo to 2023-11-09T00:00:00+00:00, run_after=2023-11-10T00:00:00+00:00
[2023-11-09T01:57:50.230+0000] {processor.py:179} INFO - Processing /opt/airflow/dags/my_first_dag.py took 0.269 seconds
[2023-11-09T01:58:20.575+0000] {processor.py:157} INFO - Started process (PID=218) to work on /opt/airflow/dags/my_first_dag.py
[2023-11-09T01:58:20.578+0000] {processor.py:829} INFO - Processing file /opt/airflow/dags/my_first_dag.py for tasks to queue
[2023-11-09T01:58:20.580+0000] {logging_mixin.py:151} INFO - [2023-11-09T01:58:20.580+0000] {dagbag.py:536} INFO - Filling up the DagBag from /opt/airflow/dags/my_first_dag.py
[2023-11-09T01:58:20.646+0000] {processor.py:839} INFO - DAG(s) dict_keys(['demo']) retrieved from /opt/airflow/dags/my_first_dag.py
[2023-11-09T01:58:20.726+0000] {logging_mixin.py:151} INFO - [2023-11-09T01:58:20.726+0000] {dag.py:2941} INFO - Sync 1 DAGs
[2023-11-09T01:58:20.771+0000] {logging_mixin.py:151} INFO - [2023-11-09T01:58:20.770+0000] {dag.py:3722} INFO - Setting next_dagrun for demo to 2023-11-09T00:00:00+00:00, run_after=2023-11-10T00:00:00+00:00
[2023-11-09T01:58:20.859+0000] {processor.py:179} INFO - Processing /opt/airflow/dags/my_first_dag.py took 0.290 seconds
[2023-11-09T01:58:51.305+0000] {processor.py:157} INFO - Started process (PID=230) to work on /opt/airflow/dags/my_first_dag.py
[2023-11-09T01:58:51.307+0000] {processor.py:829} INFO - Processing file /opt/airflow/dags/my_first_dag.py for tasks to queue
[2023-11-09T01:58:51.310+0000] {logging_mixin.py:151} INFO - [2023-11-09T01:58:51.309+0000] {dagbag.py:536} INFO - Filling up the DagBag from /opt/airflow/dags/my_first_dag.py
[2023-11-09T01:58:51.384+0000] {processor.py:839} INFO - DAG(s) dict_keys(['demo']) retrieved from /opt/airflow/dags/my_first_dag.py
[2023-11-09T01:58:51.429+0000] {logging_mixin.py:151} INFO - [2023-11-09T01:58:51.429+0000] {dag.py:2941} INFO - Sync 1 DAGs
[2023-11-09T01:58:51.470+0000] {logging_mixin.py:151} INFO - [2023-11-09T01:58:51.470+0000] {dag.py:3722} INFO - Setting next_dagrun for demo to 2023-11-09T00:00:00+00:00, run_after=2023-11-10T00:00:00+00:00
[2023-11-09T01:58:51.666+0000] {processor.py:179} INFO - Processing /opt/airflow/dags/my_first_dag.py took 0.366 seconds
[2023-11-09T01:59:21.998+0000] {processor.py:157} INFO - Started process (PID=242) to work on /opt/airflow/dags/my_first_dag.py
[2023-11-09T01:59:22.000+0000] {processor.py:829} INFO - Processing file /opt/airflow/dags/my_first_dag.py for tasks to queue
[2023-11-09T01:59:22.002+0000] {logging_mixin.py:151} INFO - [2023-11-09T01:59:22.001+0000] {dagbag.py:536} INFO - Filling up the DagBag from /opt/airflow/dags/my_first_dag.py
[2023-11-09T01:59:22.078+0000] {processor.py:839} INFO - DAG(s) dict_keys(['demo']) retrieved from /opt/airflow/dags/my_first_dag.py
[2023-11-09T01:59:22.140+0000] {logging_mixin.py:151} INFO - [2023-11-09T01:59:22.140+0000] {dag.py:2941} INFO - Sync 1 DAGs
[2023-11-09T01:59:22.198+0000] {logging_mixin.py:151} INFO - [2023-11-09T01:59:22.197+0000] {dag.py:3722} INFO - Setting next_dagrun for demo to 2023-11-09T00:00:00+00:00, run_after=2023-11-10T00:00:00+00:00
[2023-11-09T01:59:22.276+0000] {processor.py:179} INFO - Processing /opt/airflow/dags/my_first_dag.py took 0.283 seconds
[2023-11-09T01:59:52.378+0000] {processor.py:157} INFO - Started process (PID=254) to work on /opt/airflow/dags/my_first_dag.py
[2023-11-09T01:59:52.380+0000] {processor.py:829} INFO - Processing file /opt/airflow/dags/my_first_dag.py for tasks to queue
[2023-11-09T01:59:52.382+0000] {logging_mixin.py:151} INFO - [2023-11-09T01:59:52.381+0000] {dagbag.py:536} INFO - Filling up the DagBag from /opt/airflow/dags/my_first_dag.py
[2023-11-09T01:59:52.452+0000] {processor.py:839} INFO - DAG(s) dict_keys(['demo']) retrieved from /opt/airflow/dags/my_first_dag.py
[2023-11-09T01:59:54.163+0000] {logging_mixin.py:151} INFO - [2023-11-09T01:59:54.162+0000] {dag.py:2941} INFO - Sync 1 DAGs
[2023-11-09T01:59:54.209+0000] {logging_mixin.py:151} INFO - [2023-11-09T01:59:54.209+0000] {dag.py:3722} INFO - Setting next_dagrun for demo to 2023-11-09T00:00:00+00:00, run_after=2023-11-10T00:00:00+00:00
[2023-11-09T01:59:54.359+0000] {processor.py:179} INFO - Processing /opt/airflow/dags/my_first_dag.py took 1.986 seconds
[2023-11-09T02:00:24.708+0000] {processor.py:157} INFO - Started process (PID=266) to work on /opt/airflow/dags/my_first_dag.py
[2023-11-09T02:00:24.710+0000] {processor.py:829} INFO - Processing file /opt/airflow/dags/my_first_dag.py for tasks to queue
[2023-11-09T02:00:24.712+0000] {logging_mixin.py:151} INFO - [2023-11-09T02:00:24.711+0000] {dagbag.py:536} INFO - Filling up the DagBag from /opt/airflow/dags/my_first_dag.py
[2023-11-09T02:00:24.762+0000] {processor.py:839} INFO - DAG(s) dict_keys(['demo']) retrieved from /opt/airflow/dags/my_first_dag.py
[2023-11-09T02:00:24.800+0000] {logging_mixin.py:151} INFO - [2023-11-09T02:00:24.800+0000] {dag.py:2941} INFO - Sync 1 DAGs
[2023-11-09T02:00:24.836+0000] {logging_mixin.py:151} INFO - [2023-11-09T02:00:24.835+0000] {dag.py:3722} INFO - Setting next_dagrun for demo to 2023-11-09T00:00:00+00:00, run_after=2023-11-10T00:00:00+00:00
[2023-11-09T02:00:24.933+0000] {processor.py:179} INFO - Processing /opt/airflow/dags/my_first_dag.py took 0.229 seconds
[2023-11-09T02:00:55.242+0000] {processor.py:157} INFO - Started process (PID=278) to work on /opt/airflow/dags/my_first_dag.py
[2023-11-09T02:00:55.244+0000] {processor.py:829} INFO - Processing file /opt/airflow/dags/my_first_dag.py for tasks to queue
[2023-11-09T02:00:55.247+0000] {logging_mixin.py:151} INFO - [2023-11-09T02:00:55.246+0000] {dagbag.py:536} INFO - Filling up the DagBag from /opt/airflow/dags/my_first_dag.py
[2023-11-09T02:00:55.298+0000] {processor.py:839} INFO - DAG(s) dict_keys(['demo']) retrieved from /opt/airflow/dags/my_first_dag.py
[2023-11-09T02:00:55.342+0000] {logging_mixin.py:151} INFO - [2023-11-09T02:00:55.342+0000] {dag.py:2941} INFO - Sync 1 DAGs
[2023-11-09T02:00:55.381+0000] {logging_mixin.py:151} INFO - [2023-11-09T02:00:55.381+0000] {dag.py:3722} INFO - Setting next_dagrun for demo to 2023-11-09T00:00:00+00:00, run_after=2023-11-10T00:00:00+00:00
[2023-11-09T02:00:55.557+0000] {processor.py:179} INFO - Processing /opt/airflow/dags/my_first_dag.py took 0.322 seconds
[2023-11-09T02:01:25.863+0000] {processor.py:157} INFO - Started process (PID=290) to work on /opt/airflow/dags/my_first_dag.py
[2023-11-09T02:01:25.865+0000] {processor.py:829} INFO - Processing file /opt/airflow/dags/my_first_dag.py for tasks to queue
[2023-11-09T02:01:25.867+0000] {logging_mixin.py:151} INFO - [2023-11-09T02:01:25.866+0000] {dagbag.py:536} INFO - Filling up the DagBag from /opt/airflow/dags/my_first_dag.py
[2023-11-09T02:01:25.923+0000] {processor.py:839} INFO - DAG(s) dict_keys(['demo']) retrieved from /opt/airflow/dags/my_first_dag.py
[2023-11-09T02:01:25.990+0000] {logging_mixin.py:151} INFO - [2023-11-09T02:01:25.990+0000] {dag.py:2941} INFO - Sync 1 DAGs
[2023-11-09T02:01:26.044+0000] {logging_mixin.py:151} INFO - [2023-11-09T02:01:26.043+0000] {dag.py:3722} INFO - Setting next_dagrun for demo to 2023-11-09T00:00:00+00:00, run_after=2023-11-10T00:00:00+00:00
[2023-11-09T02:01:26.125+0000] {processor.py:179} INFO - Processing /opt/airflow/dags/my_first_dag.py took 0.269 seconds
[2023-11-09T02:01:56.439+0000] {processor.py:157} INFO - Started process (PID=302) to work on /opt/airflow/dags/my_first_dag.py
[2023-11-09T02:01:56.442+0000] {processor.py:829} INFO - Processing file /opt/airflow/dags/my_first_dag.py for tasks to queue
[2023-11-09T02:01:56.443+0000] {logging_mixin.py:151} INFO - [2023-11-09T02:01:56.443+0000] {dagbag.py:536} INFO - Filling up the DagBag from /opt/airflow/dags/my_first_dag.py
[2023-11-09T02:01:56.501+0000] {processor.py:839} INFO - DAG(s) dict_keys(['demo']) retrieved from /opt/airflow/dags/my_first_dag.py
[2023-11-09T02:01:56.547+0000] {logging_mixin.py:151} INFO - [2023-11-09T02:01:56.546+0000] {dag.py:2941} INFO - Sync 1 DAGs
[2023-11-09T02:01:56.585+0000] {logging_mixin.py:151} INFO - [2023-11-09T02:01:56.585+0000] {dag.py:3722} INFO - Setting next_dagrun for demo to 2023-11-09T00:00:00+00:00, run_after=2023-11-10T00:00:00+00:00
[2023-11-09T02:01:56.815+0000] {processor.py:179} INFO - Processing /opt/airflow/dags/my_first_dag.py took 0.382 seconds
[2023-11-09T02:02:27.140+0000] {processor.py:157} INFO - Started process (PID=314) to work on /opt/airflow/dags/my_first_dag.py
[2023-11-09T02:02:27.142+0000] {processor.py:829} INFO - Processing file /opt/airflow/dags/my_first_dag.py for tasks to queue
[2023-11-09T02:02:27.144+0000] {logging_mixin.py:151} INFO - [2023-11-09T02:02:27.143+0000] {dagbag.py:536} INFO - Filling up the DagBag from /opt/airflow/dags/my_first_dag.py
[2023-11-09T02:02:27.202+0000] {processor.py:839} INFO - DAG(s) dict_keys(['demo']) retrieved from /opt/airflow/dags/my_first_dag.py
[2023-11-09T02:02:27.244+0000] {logging_mixin.py:151} INFO - [2023-11-09T02:02:27.244+0000] {dag.py:2941} INFO - Sync 1 DAGs
[2023-11-09T02:02:27.284+0000] {logging_mixin.py:151} INFO - [2023-11-09T02:02:27.283+0000] {dag.py:3722} INFO - Setting next_dagrun for demo to 2023-11-09T00:00:00+00:00, run_after=2023-11-10T00:00:00+00:00
[2023-11-09T02:02:27.830+0000] {processor.py:179} INFO - Processing /opt/airflow/dags/my_first_dag.py took 0.696 seconds
[2023-11-09T02:02:58.033+0000] {processor.py:157} INFO - Started process (PID=326) to work on /opt/airflow/dags/my_first_dag.py
[2023-11-09T02:02:58.035+0000] {processor.py:829} INFO - Processing file /opt/airflow/dags/my_first_dag.py for tasks to queue
[2023-11-09T02:02:58.037+0000] {logging_mixin.py:151} INFO - [2023-11-09T02:02:58.036+0000] {dagbag.py:536} INFO - Filling up the DagBag from /opt/airflow/dags/my_first_dag.py
[2023-11-09T02:02:58.089+0000] {processor.py:839} INFO - DAG(s) dict_keys(['demo']) retrieved from /opt/airflow/dags/my_first_dag.py
[2023-11-09T02:02:58.127+0000] {logging_mixin.py:151} INFO - [2023-11-09T02:02:58.127+0000] {dag.py:2941} INFO - Sync 1 DAGs
[2023-11-09T02:02:58.164+0000] {logging_mixin.py:151} INFO - [2023-11-09T02:02:58.164+0000] {dag.py:3722} INFO - Setting next_dagrun for demo to 2023-11-09T00:00:00+00:00, run_after=2023-11-10T00:00:00+00:00
[2023-11-09T02:02:58.279+0000] {processor.py:179} INFO - Processing /opt/airflow/dags/my_first_dag.py took 0.252 seconds
[2023-11-09T02:03:28.372+0000] {processor.py:157} INFO - Started process (PID=338) to work on /opt/airflow/dags/my_first_dag.py
[2023-11-09T02:03:28.374+0000] {processor.py:829} INFO - Processing file /opt/airflow/dags/my_first_dag.py for tasks to queue
[2023-11-09T02:03:28.375+0000] {logging_mixin.py:151} INFO - [2023-11-09T02:03:28.375+0000] {dagbag.py:536} INFO - Filling up the DagBag from /opt/airflow/dags/my_first_dag.py
[2023-11-09T02:03:28.429+0000] {processor.py:839} INFO - DAG(s) dict_keys(['demo']) retrieved from /opt/airflow/dags/my_first_dag.py
[2023-11-09T02:03:28.470+0000] {logging_mixin.py:151} INFO - [2023-11-09T02:03:28.470+0000] {dag.py:2941} INFO - Sync 1 DAGs
[2023-11-09T02:03:28.510+0000] {logging_mixin.py:151} INFO - [2023-11-09T02:03:28.509+0000] {dag.py:3722} INFO - Setting next_dagrun for demo to 2023-11-09T00:00:00+00:00, run_after=2023-11-10T00:00:00+00:00
[2023-11-09T02:03:28.571+0000] {processor.py:179} INFO - Processing /opt/airflow/dags/my_first_dag.py took 0.204 seconds
[2023-11-09T02:03:58.797+0000] {processor.py:157} INFO - Started process (PID=350) to work on /opt/airflow/dags/my_first_dag.py
[2023-11-09T02:03:58.798+0000] {processor.py:829} INFO - Processing file /opt/airflow/dags/my_first_dag.py for tasks to queue
[2023-11-09T02:03:58.800+0000] {logging_mixin.py:151} INFO - [2023-11-09T02:03:58.800+0000] {dagbag.py:536} INFO - Filling up the DagBag from /opt/airflow/dags/my_first_dag.py
[2023-11-09T02:03:58.849+0000] {processor.py:839} INFO - DAG(s) dict_keys(['demo']) retrieved from /opt/airflow/dags/my_first_dag.py
[2023-11-09T02:03:58.887+0000] {logging_mixin.py:151} INFO - [2023-11-09T02:03:58.887+0000] {dag.py:2941} INFO - Sync 1 DAGs
[2023-11-09T02:03:58.922+0000] {logging_mixin.py:151} INFO - [2023-11-09T02:03:58.921+0000] {dag.py:3722} INFO - Setting next_dagrun for demo to 2023-11-09T00:00:00+00:00, run_after=2023-11-10T00:00:00+00:00
[2023-11-09T02:03:58.993+0000] {processor.py:179} INFO - Processing /opt/airflow/dags/my_first_dag.py took 0.201 seconds
[2023-11-09T02:04:29.082+0000] {processor.py:157} INFO - Started process (PID=362) to work on /opt/airflow/dags/my_first_dag.py
[2023-11-09T02:04:29.084+0000] {processor.py:829} INFO - Processing file /opt/airflow/dags/my_first_dag.py for tasks to queue
[2023-11-09T02:04:29.086+0000] {logging_mixin.py:151} INFO - [2023-11-09T02:04:29.085+0000] {dagbag.py:536} INFO - Filling up the DagBag from /opt/airflow/dags/my_first_dag.py
[2023-11-09T02:04:29.141+0000] {processor.py:839} INFO - DAG(s) dict_keys(['demo']) retrieved from /opt/airflow/dags/my_first_dag.py
[2023-11-09T02:04:29.186+0000] {logging_mixin.py:151} INFO - [2023-11-09T02:04:29.186+0000] {dag.py:2941} INFO - Sync 1 DAGs
[2023-11-09T02:04:29.224+0000] {logging_mixin.py:151} INFO - [2023-11-09T02:04:29.224+0000] {dag.py:3722} INFO - Setting next_dagrun for demo to 2023-11-09T00:00:00+00:00, run_after=2023-11-10T00:00:00+00:00
[2023-11-09T02:04:29.303+0000] {processor.py:179} INFO - Processing /opt/airflow/dags/my_first_dag.py took 0.227 seconds
[2023-11-09T02:04:59.524+0000] {processor.py:157} INFO - Started process (PID=375) to work on /opt/airflow/dags/my_first_dag.py
[2023-11-09T02:04:59.526+0000] {processor.py:829} INFO - Processing file /opt/airflow/dags/my_first_dag.py for tasks to queue
[2023-11-09T02:04:59.528+0000] {logging_mixin.py:151} INFO - [2023-11-09T02:04:59.527+0000] {dagbag.py:536} INFO - Filling up the DagBag from /opt/airflow/dags/my_first_dag.py
[2023-11-09T02:04:59.582+0000] {processor.py:839} INFO - DAG(s) dict_keys(['demo']) retrieved from /opt/airflow/dags/my_first_dag.py
[2023-11-09T02:04:59.624+0000] {logging_mixin.py:151} INFO - [2023-11-09T02:04:59.623+0000] {dag.py:2941} INFO - Sync 1 DAGs
[2023-11-09T02:04:59.661+0000] {logging_mixin.py:151} INFO - [2023-11-09T02:04:59.660+0000] {dag.py:3722} INFO - Setting next_dagrun for demo to 2023-11-09T00:00:00+00:00, run_after=2023-11-10T00:00:00+00:00
[2023-11-09T02:04:59.794+0000] {processor.py:179} INFO - Processing /opt/airflow/dags/my_first_dag.py took 0.276 seconds
[2023-11-09T02:05:30.115+0000] {processor.py:157} INFO - Started process (PID=387) to work on /opt/airflow/dags/my_first_dag.py
[2023-11-09T02:05:30.117+0000] {processor.py:829} INFO - Processing file /opt/airflow/dags/my_first_dag.py for tasks to queue
[2023-11-09T02:05:30.118+0000] {logging_mixin.py:151} INFO - [2023-11-09T02:05:30.118+0000] {dagbag.py:536} INFO - Filling up the DagBag from /opt/airflow/dags/my_first_dag.py
[2023-11-09T02:05:30.165+0000] {processor.py:839} INFO - DAG(s) dict_keys(['demo']) retrieved from /opt/airflow/dags/my_first_dag.py
[2023-11-09T02:05:30.229+0000] {logging_mixin.py:151} INFO - [2023-11-09T02:05:30.228+0000] {dag.py:2941} INFO - Sync 1 DAGs
[2023-11-09T02:05:30.274+0000] {logging_mixin.py:151} INFO - [2023-11-09T02:05:30.273+0000] {dag.py:3722} INFO - Setting next_dagrun for demo to 2023-11-09T00:00:00+00:00, run_after=2023-11-10T00:00:00+00:00
[2023-11-09T02:05:30.354+0000] {processor.py:179} INFO - Processing /opt/airflow/dags/my_first_dag.py took 0.244 seconds
[2023-11-09T02:06:00.653+0000] {processor.py:157} INFO - Started process (PID=399) to work on /opt/airflow/dags/my_first_dag.py
[2023-11-09T02:06:00.655+0000] {processor.py:829} INFO - Processing file /opt/airflow/dags/my_first_dag.py for tasks to queue
[2023-11-09T02:06:00.657+0000] {logging_mixin.py:151} INFO - [2023-11-09T02:06:00.657+0000] {dagbag.py:536} INFO - Filling up the DagBag from /opt/airflow/dags/my_first_dag.py
[2023-11-09T02:06:00.714+0000] {processor.py:839} INFO - DAG(s) dict_keys(['demo']) retrieved from /opt/airflow/dags/my_first_dag.py
[2023-11-09T02:06:00.753+0000] {logging_mixin.py:151} INFO - [2023-11-09T02:06:00.753+0000] {dag.py:2941} INFO - Sync 1 DAGs
[2023-11-09T02:06:00.791+0000] {logging_mixin.py:151} INFO - [2023-11-09T02:06:00.790+0000] {dag.py:3722} INFO - Setting next_dagrun for demo to 2023-11-09T00:00:00+00:00, run_after=2023-11-10T00:00:00+00:00
[2023-11-09T02:06:00.858+0000] {processor.py:179} INFO - Processing /opt/airflow/dags/my_first_dag.py took 0.210 seconds
[2023-11-09T02:06:31.175+0000] {processor.py:157} INFO - Started process (PID=411) to work on /opt/airflow/dags/my_first_dag.py
[2023-11-09T02:06:31.177+0000] {processor.py:829} INFO - Processing file /opt/airflow/dags/my_first_dag.py for tasks to queue
[2023-11-09T02:06:31.180+0000] {logging_mixin.py:151} INFO - [2023-11-09T02:06:31.179+0000] {dagbag.py:536} INFO - Filling up the DagBag from /opt/airflow/dags/my_first_dag.py
[2023-11-09T02:06:31.237+0000] {processor.py:839} INFO - DAG(s) dict_keys(['demo']) retrieved from /opt/airflow/dags/my_first_dag.py
[2023-11-09T02:06:31.288+0000] {logging_mixin.py:151} INFO - [2023-11-09T02:06:31.288+0000] {dag.py:2941} INFO - Sync 1 DAGs
[2023-11-09T02:06:31.340+0000] {logging_mixin.py:151} INFO - [2023-11-09T02:06:31.339+0000] {dag.py:3722} INFO - Setting next_dagrun for demo to 2023-11-09T00:00:00+00:00, run_after=2023-11-10T00:00:00+00:00
[2023-11-09T02:06:31.408+0000] {processor.py:179} INFO - Processing /opt/airflow/dags/my_first_dag.py took 0.242 seconds
[2023-11-09T02:07:01.718+0000] {processor.py:157} INFO - Started process (PID=423) to work on /opt/airflow/dags/my_first_dag.py
[2023-11-09T02:07:01.720+0000] {processor.py:829} INFO - Processing file /opt/airflow/dags/my_first_dag.py for tasks to queue
[2023-11-09T02:07:01.722+0000] {logging_mixin.py:151} INFO - [2023-11-09T02:07:01.721+0000] {dagbag.py:536} INFO - Filling up the DagBag from /opt/airflow/dags/my_first_dag.py
[2023-11-09T02:07:01.773+0000] {processor.py:839} INFO - DAG(s) dict_keys(['demo']) retrieved from /opt/airflow/dags/my_first_dag.py
[2023-11-09T02:07:01.813+0000] {logging_mixin.py:151} INFO - [2023-11-09T02:07:01.813+0000] {dag.py:2941} INFO - Sync 1 DAGs
[2023-11-09T02:07:01.849+0000] {logging_mixin.py:151} INFO - [2023-11-09T02:07:01.848+0000] {dag.py:3722} INFO - Setting next_dagrun for demo to 2023-11-09T00:00:00+00:00, run_after=2023-11-10T00:00:00+00:00
[2023-11-09T02:07:01.984+0000] {processor.py:179} INFO - Processing /opt/airflow/dags/my_first_dag.py took 0.271 seconds
[2023-11-09T02:07:32.282+0000] {processor.py:157} INFO - Started process (PID=435) to work on /opt/airflow/dags/my_first_dag.py
[2023-11-09T02:07:32.284+0000] {processor.py:829} INFO - Processing file /opt/airflow/dags/my_first_dag.py for tasks to queue
[2023-11-09T02:07:32.286+0000] {logging_mixin.py:151} INFO - [2023-11-09T02:07:32.286+0000] {dagbag.py:536} INFO - Filling up the DagBag from /opt/airflow/dags/my_first_dag.py
[2023-11-09T02:07:32.339+0000] {processor.py:839} INFO - DAG(s) dict_keys(['demo']) retrieved from /opt/airflow/dags/my_first_dag.py
[2023-11-09T02:07:32.382+0000] {logging_mixin.py:151} INFO - [2023-11-09T02:07:32.382+0000] {dag.py:2941} INFO - Sync 1 DAGs
[2023-11-09T02:07:32.418+0000] {logging_mixin.py:151} INFO - [2023-11-09T02:07:32.417+0000] {dag.py:3722} INFO - Setting next_dagrun for demo to 2023-11-09T00:00:00+00:00, run_after=2023-11-10T00:00:00+00:00
[2023-11-09T02:07:32.528+0000] {processor.py:179} INFO - Processing /opt/airflow/dags/my_first_dag.py took 0.251 seconds
[2023-11-09T02:08:02.828+0000] {processor.py:157} INFO - Started process (PID=447) to work on /opt/airflow/dags/my_first_dag.py
[2023-11-09T02:08:02.830+0000] {processor.py:829} INFO - Processing file /opt/airflow/dags/my_first_dag.py for tasks to queue
[2023-11-09T02:08:02.831+0000] {logging_mixin.py:151} INFO - [2023-11-09T02:08:02.831+0000] {dagbag.py:536} INFO - Filling up the DagBag from /opt/airflow/dags/my_first_dag.py
[2023-11-09T02:08:02.883+0000] {processor.py:839} INFO - DAG(s) dict_keys(['demo']) retrieved from /opt/airflow/dags/my_first_dag.py
[2023-11-09T02:08:02.922+0000] {logging_mixin.py:151} INFO - [2023-11-09T02:08:02.922+0000] {dag.py:2941} INFO - Sync 1 DAGs
[2023-11-09T02:08:02.958+0000] {logging_mixin.py:151} INFO - [2023-11-09T02:08:02.958+0000] {dag.py:3722} INFO - Setting next_dagrun for demo to 2023-11-09T00:00:00+00:00, run_after=2023-11-10T00:00:00+00:00
[2023-11-09T02:08:03.020+0000] {processor.py:179} INFO - Processing /opt/airflow/dags/my_first_dag.py took 0.197 seconds
[2023-11-09T02:08:33.322+0000] {processor.py:157} INFO - Started process (PID=459) to work on /opt/airflow/dags/my_first_dag.py
[2023-11-09T02:08:33.324+0000] {processor.py:829} INFO - Processing file /opt/airflow/dags/my_first_dag.py for tasks to queue
[2023-11-09T02:08:33.326+0000] {logging_mixin.py:151} INFO - [2023-11-09T02:08:33.325+0000] {dagbag.py:536} INFO - Filling up the DagBag from /opt/airflow/dags/my_first_dag.py
[2023-11-09T02:08:33.378+0000] {processor.py:839} INFO - DAG(s) dict_keys(['demo']) retrieved from /opt/airflow/dags/my_first_dag.py
[2023-11-09T02:08:33.425+0000] {logging_mixin.py:151} INFO - [2023-11-09T02:08:33.425+0000] {dag.py:2941} INFO - Sync 1 DAGs
[2023-11-09T02:08:33.467+0000] {logging_mixin.py:151} INFO - [2023-11-09T02:08:33.466+0000] {dag.py:3722} INFO - Setting next_dagrun for demo to 2023-11-09T00:00:00+00:00, run_after=2023-11-10T00:00:00+00:00
[2023-11-09T02:08:33.551+0000] {processor.py:179} INFO - Processing /opt/airflow/dags/my_first_dag.py took 0.235 seconds
[2023-11-09T02:09:03.860+0000] {processor.py:157} INFO - Started process (PID=471) to work on /opt/airflow/dags/my_first_dag.py
[2023-11-09T02:09:03.862+0000] {processor.py:829} INFO - Processing file /opt/airflow/dags/my_first_dag.py for tasks to queue
[2023-11-09T02:09:03.864+0000] {logging_mixin.py:151} INFO - [2023-11-09T02:09:03.863+0000] {dagbag.py:536} INFO - Filling up the DagBag from /opt/airflow/dags/my_first_dag.py
[2023-11-09T02:09:03.918+0000] {processor.py:839} INFO - DAG(s) dict_keys(['demo']) retrieved from /opt/airflow/dags/my_first_dag.py
[2023-11-09T02:09:03.961+0000] {logging_mixin.py:151} INFO - [2023-11-09T02:09:03.960+0000] {dag.py:2941} INFO - Sync 1 DAGs
[2023-11-09T02:09:04.008+0000] {logging_mixin.py:151} INFO - [2023-11-09T02:09:04.007+0000] {dag.py:3722} INFO - Setting next_dagrun for demo to 2023-11-09T00:00:00+00:00, run_after=2023-11-10T00:00:00+00:00
[2023-11-09T02:09:04.104+0000] {processor.py:179} INFO - Processing /opt/airflow/dags/my_first_dag.py took 0.249 seconds
[2023-11-09T02:09:34.410+0000] {processor.py:157} INFO - Started process (PID=483) to work on /opt/airflow/dags/my_first_dag.py
[2023-11-09T02:09:34.412+0000] {processor.py:829} INFO - Processing file /opt/airflow/dags/my_first_dag.py for tasks to queue
[2023-11-09T02:09:34.414+0000] {logging_mixin.py:151} INFO - [2023-11-09T02:09:34.414+0000] {dagbag.py:536} INFO - Filling up the DagBag from /opt/airflow/dags/my_first_dag.py
[2023-11-09T02:09:34.468+0000] {processor.py:839} INFO - DAG(s) dict_keys(['demo']) retrieved from /opt/airflow/dags/my_first_dag.py
[2023-11-09T02:09:34.509+0000] {logging_mixin.py:151} INFO - [2023-11-09T02:09:34.509+0000] {dag.py:2941} INFO - Sync 1 DAGs
[2023-11-09T02:09:34.547+0000] {logging_mixin.py:151} INFO - [2023-11-09T02:09:34.547+0000] {dag.py:3722} INFO - Setting next_dagrun for demo to 2023-11-09T00:00:00+00:00, run_after=2023-11-10T00:00:00+00:00
[2023-11-09T02:09:34.626+0000] {processor.py:179} INFO - Processing /opt/airflow/dags/my_first_dag.py took 0.222 seconds
[2023-11-09T02:10:04.934+0000] {processor.py:157} INFO - Started process (PID=495) to work on /opt/airflow/dags/my_first_dag.py
[2023-11-09T02:10:04.936+0000] {processor.py:829} INFO - Processing file /opt/airflow/dags/my_first_dag.py for tasks to queue
[2023-11-09T02:10:04.940+0000] {logging_mixin.py:151} INFO - [2023-11-09T02:10:04.938+0000] {dagbag.py:536} INFO - Filling up the DagBag from /opt/airflow/dags/my_first_dag.py
[2023-11-09T02:10:05.003+0000] {processor.py:839} INFO - DAG(s) dict_keys(['demo']) retrieved from /opt/airflow/dags/my_first_dag.py
[2023-11-09T02:10:05.044+0000] {logging_mixin.py:151} INFO - [2023-11-09T02:10:05.044+0000] {dag.py:2941} INFO - Sync 1 DAGs
[2023-11-09T02:10:05.083+0000] {logging_mixin.py:151} INFO - [2023-11-09T02:10:05.083+0000] {dag.py:3722} INFO - Setting next_dagrun for demo to 2023-11-09T00:00:00+00:00, run_after=2023-11-10T00:00:00+00:00
[2023-11-09T02:10:05.140+0000] {processor.py:179} INFO - Processing /opt/airflow/dags/my_first_dag.py took 0.211 seconds
[2023-11-09T02:10:35.459+0000] {processor.py:157} INFO - Started process (PID=507) to work on /opt/airflow/dags/my_first_dag.py
[2023-11-09T02:10:35.462+0000] {processor.py:829} INFO - Processing file /opt/airflow/dags/my_first_dag.py for tasks to queue
[2023-11-09T02:10:35.464+0000] {logging_mixin.py:151} INFO - [2023-11-09T02:10:35.464+0000] {dagbag.py:536} INFO - Filling up the DagBag from /opt/airflow/dags/my_first_dag.py
[2023-11-09T02:10:35.542+0000] {processor.py:839} INFO - DAG(s) dict_keys(['demo']) retrieved from /opt/airflow/dags/my_first_dag.py
[2023-11-09T02:10:35.599+0000] {logging_mixin.py:151} INFO - [2023-11-09T02:10:35.599+0000] {dag.py:2941} INFO - Sync 1 DAGs
[2023-11-09T02:10:35.664+0000] {logging_mixin.py:151} INFO - [2023-11-09T02:10:35.664+0000] {dag.py:3722} INFO - Setting next_dagrun for demo to 2023-11-09T00:00:00+00:00, run_after=2023-11-10T00:00:00+00:00
[2023-11-09T02:10:35.771+0000] {processor.py:179} INFO - Processing /opt/airflow/dags/my_first_dag.py took 0.317 seconds
[2023-11-09T02:11:06.100+0000] {processor.py:157} INFO - Started process (PID=519) to work on /opt/airflow/dags/my_first_dag.py
[2023-11-09T02:11:06.101+0000] {processor.py:829} INFO - Processing file /opt/airflow/dags/my_first_dag.py for tasks to queue
[2023-11-09T02:11:06.103+0000] {logging_mixin.py:151} INFO - [2023-11-09T02:11:06.103+0000] {dagbag.py:536} INFO - Filling up the DagBag from /opt/airflow/dags/my_first_dag.py
[2023-11-09T02:11:06.156+0000] {processor.py:839} INFO - DAG(s) dict_keys(['demo']) retrieved from /opt/airflow/dags/my_first_dag.py
[2023-11-09T02:11:06.205+0000] {logging_mixin.py:151} INFO - [2023-11-09T02:11:06.204+0000] {dag.py:2941} INFO - Sync 1 DAGs
[2023-11-09T02:11:06.243+0000] {logging_mixin.py:151} INFO - [2023-11-09T02:11:06.242+0000] {dag.py:3722} INFO - Setting next_dagrun for demo to 2023-11-09T00:00:00+00:00, run_after=2023-11-10T00:00:00+00:00
[2023-11-09T02:11:06.357+0000] {processor.py:179} INFO - Processing /opt/airflow/dags/my_first_dag.py took 0.263 seconds
[2023-11-09T02:11:36.668+0000] {processor.py:157} INFO - Started process (PID=531) to work on /opt/airflow/dags/my_first_dag.py
[2023-11-09T02:11:36.670+0000] {processor.py:829} INFO - Processing file /opt/airflow/dags/my_first_dag.py for tasks to queue
[2023-11-09T02:11:36.672+0000] {logging_mixin.py:151} INFO - [2023-11-09T02:11:36.672+0000] {dagbag.py:536} INFO - Filling up the DagBag from /opt/airflow/dags/my_first_dag.py
[2023-11-09T02:11:36.725+0000] {processor.py:839} INFO - DAG(s) dict_keys(['demo']) retrieved from /opt/airflow/dags/my_first_dag.py
[2023-11-09T02:11:36.764+0000] {logging_mixin.py:151} INFO - [2023-11-09T02:11:36.764+0000] {dag.py:2941} INFO - Sync 1 DAGs
[2023-11-09T02:11:36.800+0000] {logging_mixin.py:151} INFO - [2023-11-09T02:11:36.800+0000] {dag.py:3722} INFO - Setting next_dagrun for demo to 2023-11-09T00:00:00+00:00, run_after=2023-11-10T00:00:00+00:00
[2023-11-09T02:11:36.892+0000] {processor.py:179} INFO - Processing /opt/airflow/dags/my_first_dag.py took 0.229 seconds
[2023-11-09T02:12:07.195+0000] {processor.py:157} INFO - Started process (PID=543) to work on /opt/airflow/dags/my_first_dag.py
[2023-11-09T02:12:07.197+0000] {processor.py:829} INFO - Processing file /opt/airflow/dags/my_first_dag.py for tasks to queue
[2023-11-09T02:12:07.199+0000] {logging_mixin.py:151} INFO - [2023-11-09T02:12:07.198+0000] {dagbag.py:536} INFO - Filling up the DagBag from /opt/airflow/dags/my_first_dag.py
[2023-11-09T02:12:07.252+0000] {processor.py:839} INFO - DAG(s) dict_keys(['demo']) retrieved from /opt/airflow/dags/my_first_dag.py
[2023-11-09T02:12:07.291+0000] {logging_mixin.py:151} INFO - [2023-11-09T02:12:07.291+0000] {dag.py:2941} INFO - Sync 1 DAGs
[2023-11-09T02:12:07.328+0000] {logging_mixin.py:151} INFO - [2023-11-09T02:12:07.328+0000] {dag.py:3722} INFO - Setting next_dagrun for demo to 2023-11-09T00:00:00+00:00, run_after=2023-11-10T00:00:00+00:00
[2023-11-09T02:12:07.380+0000] {processor.py:179} INFO - Processing /opt/airflow/dags/my_first_dag.py took 0.190 seconds
[2023-11-09T02:12:37.529+0000] {processor.py:157} INFO - Started process (PID=555) to work on /opt/airflow/dags/my_first_dag.py
[2023-11-09T02:12:37.532+0000] {processor.py:829} INFO - Processing file /opt/airflow/dags/my_first_dag.py for tasks to queue
[2023-11-09T02:12:37.533+0000] {logging_mixin.py:151} INFO - [2023-11-09T02:12:37.533+0000] {dagbag.py:536} INFO - Filling up the DagBag from /opt/airflow/dags/my_first_dag.py
[2023-11-09T02:12:37.586+0000] {processor.py:839} INFO - DAG(s) dict_keys(['demo']) retrieved from /opt/airflow/dags/my_first_dag.py
[2023-11-09T02:12:37.626+0000] {logging_mixin.py:151} INFO - [2023-11-09T02:12:37.625+0000] {dag.py:2941} INFO - Sync 1 DAGs
[2023-11-09T02:12:37.661+0000] {logging_mixin.py:151} INFO - [2023-11-09T02:12:37.661+0000] {dag.py:3722} INFO - Setting next_dagrun for demo to 2023-11-09T00:00:00+00:00, run_after=2023-11-10T00:00:00+00:00
[2023-11-09T02:12:37.808+0000] {processor.py:179} INFO - Processing /opt/airflow/dags/my_first_dag.py took 0.286 seconds
[2023-11-09T02:13:07.917+0000] {processor.py:157} INFO - Started process (PID=567) to work on /opt/airflow/dags/my_first_dag.py
[2023-11-09T02:13:07.919+0000] {processor.py:829} INFO - Processing file /opt/airflow/dags/my_first_dag.py for tasks to queue
[2023-11-09T02:13:07.921+0000] {logging_mixin.py:151} INFO - [2023-11-09T02:13:07.920+0000] {dagbag.py:536} INFO - Filling up the DagBag from /opt/airflow/dags/my_first_dag.py
[2023-11-09T02:13:07.978+0000] {processor.py:839} INFO - DAG(s) dict_keys(['demo']) retrieved from /opt/airflow/dags/my_first_dag.py
[2023-11-09T02:13:08.018+0000] {logging_mixin.py:151} INFO - [2023-11-09T02:13:08.018+0000] {dag.py:2941} INFO - Sync 1 DAGs
[2023-11-09T02:13:08.055+0000] {logging_mixin.py:151} INFO - [2023-11-09T02:13:08.055+0000] {dag.py:3722} INFO - Setting next_dagrun for demo to 2023-11-09T00:00:00+00:00, run_after=2023-11-10T00:00:00+00:00
[2023-11-09T02:13:08.112+0000] {processor.py:179} INFO - Processing /opt/airflow/dags/my_first_dag.py took 0.200 seconds
[2023-11-09T02:13:38.331+0000] {processor.py:157} INFO - Started process (PID=579) to work on /opt/airflow/dags/my_first_dag.py
[2023-11-09T02:13:38.333+0000] {processor.py:829} INFO - Processing file /opt/airflow/dags/my_first_dag.py for tasks to queue
[2023-11-09T02:13:38.335+0000] {logging_mixin.py:151} INFO - [2023-11-09T02:13:38.334+0000] {dagbag.py:536} INFO - Filling up the DagBag from /opt/airflow/dags/my_first_dag.py
[2023-11-09T02:13:38.389+0000] {processor.py:839} INFO - DAG(s) dict_keys(['demo']) retrieved from /opt/airflow/dags/my_first_dag.py
[2023-11-09T02:13:38.427+0000] {logging_mixin.py:151} INFO - [2023-11-09T02:13:38.427+0000] {dag.py:2941} INFO - Sync 1 DAGs
[2023-11-09T02:13:38.462+0000] {logging_mixin.py:151} INFO - [2023-11-09T02:13:38.462+0000] {dag.py:3722} INFO - Setting next_dagrun for demo to 2023-11-09T00:00:00+00:00, run_after=2023-11-10T00:00:00+00:00
[2023-11-09T02:13:38.541+0000] {processor.py:179} INFO - Processing /opt/airflow/dags/my_first_dag.py took 0.215 seconds
[2023-11-09T02:14:08.630+0000] {processor.py:157} INFO - Started process (PID=591) to work on /opt/airflow/dags/my_first_dag.py
[2023-11-09T02:14:08.632+0000] {processor.py:829} INFO - Processing file /opt/airflow/dags/my_first_dag.py for tasks to queue
[2023-11-09T02:14:08.634+0000] {logging_mixin.py:151} INFO - [2023-11-09T02:14:08.633+0000] {dagbag.py:536} INFO - Filling up the DagBag from /opt/airflow/dags/my_first_dag.py
[2023-11-09T02:14:08.687+0000] {processor.py:839} INFO - DAG(s) dict_keys(['demo']) retrieved from /opt/airflow/dags/my_first_dag.py
[2023-11-09T02:14:08.732+0000] {logging_mixin.py:151} INFO - [2023-11-09T02:14:08.732+0000] {dag.py:2941} INFO - Sync 1 DAGs
[2023-11-09T02:14:08.771+0000] {logging_mixin.py:151} INFO - [2023-11-09T02:14:08.771+0000] {dag.py:3722} INFO - Setting next_dagrun for demo to 2023-11-09T00:00:00+00:00, run_after=2023-11-10T00:00:00+00:00
[2023-11-09T02:14:08.825+0000] {processor.py:179} INFO - Processing /opt/airflow/dags/my_first_dag.py took 0.201 seconds
[2023-11-09T02:14:39.077+0000] {processor.py:157} INFO - Started process (PID=603) to work on /opt/airflow/dags/my_first_dag.py
[2023-11-09T02:14:39.078+0000] {processor.py:829} INFO - Processing file /opt/airflow/dags/my_first_dag.py for tasks to queue
[2023-11-09T02:14:39.080+0000] {logging_mixin.py:151} INFO - [2023-11-09T02:14:39.080+0000] {dagbag.py:536} INFO - Filling up the DagBag from /opt/airflow/dags/my_first_dag.py
[2023-11-09T02:14:39.135+0000] {processor.py:839} INFO - DAG(s) dict_keys(['demo']) retrieved from /opt/airflow/dags/my_first_dag.py
[2023-11-09T02:14:39.174+0000] {logging_mixin.py:151} INFO - [2023-11-09T02:14:39.174+0000] {dag.py:2941} INFO - Sync 1 DAGs
[2023-11-09T02:14:39.208+0000] {logging_mixin.py:151} INFO - [2023-11-09T02:14:39.208+0000] {dag.py:3722} INFO - Setting next_dagrun for demo to 2023-11-09T00:00:00+00:00, run_after=2023-11-10T00:00:00+00:00
[2023-11-09T02:14:39.317+0000] {processor.py:179} INFO - Processing /opt/airflow/dags/my_first_dag.py took 0.245 seconds
[2023-11-09T02:15:09.611+0000] {processor.py:157} INFO - Started process (PID=615) to work on /opt/airflow/dags/my_first_dag.py
[2023-11-09T02:15:09.613+0000] {processor.py:829} INFO - Processing file /opt/airflow/dags/my_first_dag.py for tasks to queue
[2023-11-09T02:15:09.615+0000] {logging_mixin.py:151} INFO - [2023-11-09T02:15:09.614+0000] {dagbag.py:536} INFO - Filling up the DagBag from /opt/airflow/dags/my_first_dag.py
[2023-11-09T02:15:09.668+0000] {processor.py:839} INFO - DAG(s) dict_keys(['demo']) retrieved from /opt/airflow/dags/my_first_dag.py
[2023-11-09T02:15:09.707+0000] {logging_mixin.py:151} INFO - [2023-11-09T02:15:09.707+0000] {dag.py:2941} INFO - Sync 1 DAGs
[2023-11-09T02:15:09.745+0000] {logging_mixin.py:151} INFO - [2023-11-09T02:15:09.744+0000] {dag.py:3722} INFO - Setting next_dagrun for demo to 2023-11-09T00:00:00+00:00, run_after=2023-11-10T00:00:00+00:00
[2023-11-09T02:15:09.813+0000] {processor.py:179} INFO - Processing /opt/airflow/dags/my_first_dag.py took 0.207 seconds
[2023-11-09T02:15:40.111+0000] {processor.py:157} INFO - Started process (PID=627) to work on /opt/airflow/dags/my_first_dag.py
[2023-11-09T02:15:40.113+0000] {processor.py:829} INFO - Processing file /opt/airflow/dags/my_first_dag.py for tasks to queue
[2023-11-09T02:15:40.115+0000] {logging_mixin.py:151} INFO - [2023-11-09T02:15:40.114+0000] {dagbag.py:536} INFO - Filling up the DagBag from /opt/airflow/dags/my_first_dag.py
[2023-11-09T02:15:40.168+0000] {processor.py:839} INFO - DAG(s) dict_keys(['demo']) retrieved from /opt/airflow/dags/my_first_dag.py
[2023-11-09T02:15:40.208+0000] {logging_mixin.py:151} INFO - [2023-11-09T02:15:40.208+0000] {dag.py:2941} INFO - Sync 1 DAGs
[2023-11-09T02:15:40.244+0000] {logging_mixin.py:151} INFO - [2023-11-09T02:15:40.243+0000] {dag.py:3722} INFO - Setting next_dagrun for demo to 2023-11-09T00:00:00+00:00, run_after=2023-11-10T00:00:00+00:00
[2023-11-09T02:15:40.335+0000] {processor.py:179} INFO - Processing /opt/airflow/dags/my_first_dag.py took 0.229 seconds
[2023-11-09T02:16:10.640+0000] {processor.py:157} INFO - Started process (PID=639) to work on /opt/airflow/dags/my_first_dag.py
[2023-11-09T02:16:10.642+0000] {processor.py:829} INFO - Processing file /opt/airflow/dags/my_first_dag.py for tasks to queue
[2023-11-09T02:16:10.644+0000] {logging_mixin.py:151} INFO - [2023-11-09T02:16:10.643+0000] {dagbag.py:536} INFO - Filling up the DagBag from /opt/airflow/dags/my_first_dag.py
[2023-11-09T02:16:10.694+0000] {processor.py:839} INFO - DAG(s) dict_keys(['demo']) retrieved from /opt/airflow/dags/my_first_dag.py
[2023-11-09T02:16:10.733+0000] {logging_mixin.py:151} INFO - [2023-11-09T02:16:10.733+0000] {dag.py:2941} INFO - Sync 1 DAGs
[2023-11-09T02:16:10.769+0000] {logging_mixin.py:151} INFO - [2023-11-09T02:16:10.769+0000] {dag.py:3722} INFO - Setting next_dagrun for demo to 2023-11-09T00:00:00+00:00, run_after=2023-11-10T00:00:00+00:00
[2023-11-09T02:16:10.852+0000] {processor.py:179} INFO - Processing /opt/airflow/dags/my_first_dag.py took 0.216 seconds
[2023-11-09T02:16:41.179+0000] {processor.py:157} INFO - Started process (PID=651) to work on /opt/airflow/dags/my_first_dag.py
[2023-11-09T02:16:41.182+0000] {processor.py:829} INFO - Processing file /opt/airflow/dags/my_first_dag.py for tasks to queue
[2023-11-09T02:16:41.185+0000] {logging_mixin.py:151} INFO - [2023-11-09T02:16:41.184+0000] {dagbag.py:536} INFO - Filling up the DagBag from /opt/airflow/dags/my_first_dag.py
[2023-11-09T02:16:41.243+0000] {processor.py:839} INFO - DAG(s) dict_keys(['demo']) retrieved from /opt/airflow/dags/my_first_dag.py
[2023-11-09T02:16:41.291+0000] {logging_mixin.py:151} INFO - [2023-11-09T02:16:41.291+0000] {dag.py:2941} INFO - Sync 1 DAGs
[2023-11-09T02:16:41.343+0000] {logging_mixin.py:151} INFO - [2023-11-09T02:16:41.343+0000] {dag.py:3722} INFO - Setting next_dagrun for demo to 2023-11-09T00:00:00+00:00, run_after=2023-11-10T00:00:00+00:00
[2023-11-09T02:16:41.409+0000] {processor.py:179} INFO - Processing /opt/airflow/dags/my_first_dag.py took 0.236 seconds
[2023-11-09T02:17:11.712+0000] {processor.py:157} INFO - Started process (PID=663) to work on /opt/airflow/dags/my_first_dag.py
[2023-11-09T02:17:11.714+0000] {processor.py:829} INFO - Processing file /opt/airflow/dags/my_first_dag.py for tasks to queue
[2023-11-09T02:17:11.716+0000] {logging_mixin.py:151} INFO - [2023-11-09T02:17:11.716+0000] {dagbag.py:536} INFO - Filling up the DagBag from /opt/airflow/dags/my_first_dag.py
[2023-11-09T02:17:11.770+0000] {processor.py:839} INFO - DAG(s) dict_keys(['demo']) retrieved from /opt/airflow/dags/my_first_dag.py
[2023-11-09T02:17:11.811+0000] {logging_mixin.py:151} INFO - [2023-11-09T02:17:11.810+0000] {dag.py:2941} INFO - Sync 1 DAGs
[2023-11-09T02:17:11.847+0000] {logging_mixin.py:151} INFO - [2023-11-09T02:17:11.847+0000] {dag.py:3722} INFO - Setting next_dagrun for demo to 2023-11-09T00:00:00+00:00, run_after=2023-11-10T00:00:00+00:00
[2023-11-09T02:17:12.081+0000] {processor.py:179} INFO - Processing /opt/airflow/dags/my_first_dag.py took 0.373 seconds
[2023-11-09T02:17:42.388+0000] {processor.py:157} INFO - Started process (PID=675) to work on /opt/airflow/dags/my_first_dag.py
[2023-11-09T02:17:42.390+0000] {processor.py:829} INFO - Processing file /opt/airflow/dags/my_first_dag.py for tasks to queue
[2023-11-09T02:17:42.392+0000] {logging_mixin.py:151} INFO - [2023-11-09T02:17:42.392+0000] {dagbag.py:536} INFO - Filling up the DagBag from /opt/airflow/dags/my_first_dag.py
[2023-11-09T02:17:42.448+0000] {processor.py:839} INFO - DAG(s) dict_keys(['demo']) retrieved from /opt/airflow/dags/my_first_dag.py
[2023-11-09T02:17:42.493+0000] {logging_mixin.py:151} INFO - [2023-11-09T02:17:42.493+0000] {dag.py:2941} INFO - Sync 1 DAGs
[2023-11-09T02:17:42.530+0000] {logging_mixin.py:151} INFO - [2023-11-09T02:17:42.530+0000] {dag.py:3722} INFO - Setting next_dagrun for demo to 2023-11-09T00:00:00+00:00, run_after=2023-11-10T00:00:00+00:00
[2023-11-09T02:17:42.784+0000] {processor.py:179} INFO - Processing /opt/airflow/dags/my_first_dag.py took 0.401 seconds
[2023-11-09T02:18:13.104+0000] {processor.py:157} INFO - Started process (PID=687) to work on /opt/airflow/dags/my_first_dag.py
[2023-11-09T02:18:13.106+0000] {processor.py:829} INFO - Processing file /opt/airflow/dags/my_first_dag.py for tasks to queue
[2023-11-09T02:18:13.107+0000] {logging_mixin.py:151} INFO - [2023-11-09T02:18:13.107+0000] {dagbag.py:536} INFO - Filling up the DagBag from /opt/airflow/dags/my_first_dag.py
[2023-11-09T02:18:13.160+0000] {processor.py:839} INFO - DAG(s) dict_keys(['demo']) retrieved from /opt/airflow/dags/my_first_dag.py
[2023-11-09T02:18:13.201+0000] {logging_mixin.py:151} INFO - [2023-11-09T02:18:13.201+0000] {dag.py:2941} INFO - Sync 1 DAGs
[2023-11-09T02:18:13.238+0000] {logging_mixin.py:151} INFO - [2023-11-09T02:18:13.238+0000] {dag.py:3722} INFO - Setting next_dagrun for demo to 2023-11-09T00:00:00+00:00, run_after=2023-11-10T00:00:00+00:00
[2023-11-09T02:18:13.372+0000] {processor.py:179} INFO - Processing /opt/airflow/dags/my_first_dag.py took 0.274 seconds
[2023-11-09T02:18:43.676+0000] {processor.py:157} INFO - Started process (PID=699) to work on /opt/airflow/dags/my_first_dag.py
[2023-11-09T02:18:43.678+0000] {processor.py:829} INFO - Processing file /opt/airflow/dags/my_first_dag.py for tasks to queue
[2023-11-09T02:18:43.680+0000] {logging_mixin.py:151} INFO - [2023-11-09T02:18:43.679+0000] {dagbag.py:536} INFO - Filling up the DagBag from /opt/airflow/dags/my_first_dag.py
[2023-11-09T02:18:43.733+0000] {processor.py:839} INFO - DAG(s) dict_keys(['demo']) retrieved from /opt/airflow/dags/my_first_dag.py
[2023-11-09T02:18:43.774+0000] {logging_mixin.py:151} INFO - [2023-11-09T02:18:43.774+0000] {dag.py:2941} INFO - Sync 1 DAGs
[2023-11-09T02:18:43.811+0000] {logging_mixin.py:151} INFO - [2023-11-09T02:18:43.811+0000] {dag.py:3722} INFO - Setting next_dagrun for demo to 2023-11-09T00:00:00+00:00, run_after=2023-11-10T00:00:00+00:00
[2023-11-09T02:18:44.013+0000] {processor.py:179} INFO - Processing /opt/airflow/dags/my_first_dag.py took 0.343 seconds
[2023-11-09T02:19:14.313+0000] {processor.py:157} INFO - Started process (PID=711) to work on /opt/airflow/dags/my_first_dag.py
[2023-11-09T02:19:14.315+0000] {processor.py:829} INFO - Processing file /opt/airflow/dags/my_first_dag.py for tasks to queue
[2023-11-09T02:19:14.317+0000] {logging_mixin.py:151} INFO - [2023-11-09T02:19:14.316+0000] {dagbag.py:536} INFO - Filling up the DagBag from /opt/airflow/dags/my_first_dag.py
[2023-11-09T02:19:14.369+0000] {processor.py:839} INFO - DAG(s) dict_keys(['demo']) retrieved from /opt/airflow/dags/my_first_dag.py
[2023-11-09T02:19:14.411+0000] {logging_mixin.py:151} INFO - [2023-11-09T02:19:14.410+0000] {dag.py:2941} INFO - Sync 1 DAGs
[2023-11-09T02:19:14.446+0000] {logging_mixin.py:151} INFO - [2023-11-09T02:19:14.446+0000] {dag.py:3722} INFO - Setting next_dagrun for demo to 2023-11-09T00:00:00+00:00, run_after=2023-11-10T00:00:00+00:00
[2023-11-09T02:19:14.615+0000] {processor.py:179} INFO - Processing /opt/airflow/dags/my_first_dag.py took 0.307 seconds
[2023-11-09T02:19:44.921+0000] {processor.py:157} INFO - Started process (PID=723) to work on /opt/airflow/dags/my_first_dag.py
[2023-11-09T02:19:44.923+0000] {processor.py:829} INFO - Processing file /opt/airflow/dags/my_first_dag.py for tasks to queue
[2023-11-09T02:19:44.925+0000] {logging_mixin.py:151} INFO - [2023-11-09T02:19:44.925+0000] {dagbag.py:536} INFO - Filling up the DagBag from /opt/airflow/dags/my_first_dag.py
[2023-11-09T02:19:44.978+0000] {processor.py:839} INFO - DAG(s) dict_keys(['demo']) retrieved from /opt/airflow/dags/my_first_dag.py
[2023-11-09T02:19:45.017+0000] {logging_mixin.py:151} INFO - [2023-11-09T02:19:45.017+0000] {dag.py:2941} INFO - Sync 1 DAGs
[2023-11-09T02:19:45.052+0000] {logging_mixin.py:151} INFO - [2023-11-09T02:19:45.052+0000] {dag.py:3722} INFO - Setting next_dagrun for demo to 2023-11-09T00:00:00+00:00, run_after=2023-11-10T00:00:00+00:00
[2023-11-09T02:19:45.272+0000] {processor.py:179} INFO - Processing /opt/airflow/dags/my_first_dag.py took 0.356 seconds
[2023-11-09T02:20:15.602+0000] {processor.py:157} INFO - Started process (PID=735) to work on /opt/airflow/dags/my_first_dag.py
[2023-11-09T02:20:15.604+0000] {processor.py:829} INFO - Processing file /opt/airflow/dags/my_first_dag.py for tasks to queue
[2023-11-09T02:20:15.606+0000] {logging_mixin.py:151} INFO - [2023-11-09T02:20:15.605+0000] {dagbag.py:536} INFO - Filling up the DagBag from /opt/airflow/dags/my_first_dag.py
[2023-11-09T02:20:15.656+0000] {processor.py:839} INFO - DAG(s) dict_keys(['demo']) retrieved from /opt/airflow/dags/my_first_dag.py
[2023-11-09T02:20:15.695+0000] {logging_mixin.py:151} INFO - [2023-11-09T02:20:15.695+0000] {dag.py:2941} INFO - Sync 1 DAGs
[2023-11-09T02:20:15.730+0000] {logging_mixin.py:151} INFO - [2023-11-09T02:20:15.730+0000] {dag.py:3722} INFO - Setting next_dagrun for demo to 2023-11-09T00:00:00+00:00, run_after=2023-11-10T00:00:00+00:00
[2023-11-09T02:20:15.870+0000] {processor.py:179} INFO - Processing /opt/airflow/dags/my_first_dag.py took 0.273 seconds
[2023-11-09T02:20:46.177+0000] {processor.py:157} INFO - Started process (PID=747) to work on /opt/airflow/dags/my_first_dag.py
[2023-11-09T02:20:46.179+0000] {processor.py:829} INFO - Processing file /opt/airflow/dags/my_first_dag.py for tasks to queue
[2023-11-09T02:20:46.182+0000] {logging_mixin.py:151} INFO - [2023-11-09T02:20:46.181+0000] {dagbag.py:536} INFO - Filling up the DagBag from /opt/airflow/dags/my_first_dag.py
[2023-11-09T02:20:46.237+0000] {processor.py:839} INFO - DAG(s) dict_keys(['demo']) retrieved from /opt/airflow/dags/my_first_dag.py
[2023-11-09T02:20:46.279+0000] {logging_mixin.py:151} INFO - [2023-11-09T02:20:46.279+0000] {dag.py:2941} INFO - Sync 1 DAGs
[2023-11-09T02:20:46.317+0000] {logging_mixin.py:151} INFO - [2023-11-09T02:20:46.317+0000] {dag.py:3722} INFO - Setting next_dagrun for demo to 2023-11-09T00:00:00+00:00, run_after=2023-11-10T00:00:00+00:00
[2023-11-09T02:20:46.537+0000] {processor.py:179} INFO - Processing /opt/airflow/dags/my_first_dag.py took 0.368 seconds
[2023-11-09T02:21:16.844+0000] {processor.py:157} INFO - Started process (PID=759) to work on /opt/airflow/dags/my_first_dag.py
[2023-11-09T02:21:16.846+0000] {processor.py:829} INFO - Processing file /opt/airflow/dags/my_first_dag.py for tasks to queue
[2023-11-09T02:21:16.848+0000] {logging_mixin.py:151} INFO - [2023-11-09T02:21:16.848+0000] {dagbag.py:536} INFO - Filling up the DagBag from /opt/airflow/dags/my_first_dag.py
[2023-11-09T02:21:16.898+0000] {processor.py:839} INFO - DAG(s) dict_keys(['demo']) retrieved from /opt/airflow/dags/my_first_dag.py
[2023-11-09T02:21:16.955+0000] {logging_mixin.py:151} INFO - [2023-11-09T02:21:16.955+0000] {dag.py:2941} INFO - Sync 1 DAGs
[2023-11-09T02:21:16.992+0000] {logging_mixin.py:151} INFO - [2023-11-09T02:21:16.992+0000] {dag.py:3722} INFO - Setting next_dagrun for demo to 2023-11-09T00:00:00+00:00, run_after=2023-11-10T00:00:00+00:00
[2023-11-09T02:21:17.216+0000] {processor.py:179} INFO - Processing /opt/airflow/dags/my_first_dag.py took 0.377 seconds
[2023-11-09T02:21:47.522+0000] {processor.py:157} INFO - Started process (PID=771) to work on /opt/airflow/dags/my_first_dag.py
[2023-11-09T02:21:47.524+0000] {processor.py:829} INFO - Processing file /opt/airflow/dags/my_first_dag.py for tasks to queue
[2023-11-09T02:21:47.527+0000] {logging_mixin.py:151} INFO - [2023-11-09T02:21:47.526+0000] {dagbag.py:536} INFO - Filling up the DagBag from /opt/airflow/dags/my_first_dag.py
[2023-11-09T02:21:47.580+0000] {processor.py:839} INFO - DAG(s) dict_keys(['demo']) retrieved from /opt/airflow/dags/my_first_dag.py
[2023-11-09T02:21:47.624+0000] {logging_mixin.py:151} INFO - [2023-11-09T02:21:47.624+0000] {dag.py:2941} INFO - Sync 1 DAGs
[2023-11-09T02:21:47.660+0000] {logging_mixin.py:151} INFO - [2023-11-09T02:21:47.660+0000] {dag.py:3722} INFO - Setting next_dagrun for demo to 2023-11-09T00:00:00+00:00, run_after=2023-11-10T00:00:00+00:00
[2023-11-09T02:21:47.879+0000] {processor.py:179} INFO - Processing /opt/airflow/dags/my_first_dag.py took 0.362 seconds
[2023-11-09T02:22:18.189+0000] {processor.py:157} INFO - Started process (PID=783) to work on /opt/airflow/dags/my_first_dag.py
[2023-11-09T02:22:18.191+0000] {processor.py:829} INFO - Processing file /opt/airflow/dags/my_first_dag.py for tasks to queue
[2023-11-09T02:22:18.193+0000] {logging_mixin.py:151} INFO - [2023-11-09T02:22:18.192+0000] {dagbag.py:536} INFO - Filling up the DagBag from /opt/airflow/dags/my_first_dag.py
[2023-11-09T02:22:18.243+0000] {processor.py:839} INFO - DAG(s) dict_keys(['demo']) retrieved from /opt/airflow/dags/my_first_dag.py
[2023-11-09T02:22:18.289+0000] {logging_mixin.py:151} INFO - [2023-11-09T02:22:18.289+0000] {dag.py:2941} INFO - Sync 1 DAGs
[2023-11-09T02:22:18.324+0000] {logging_mixin.py:151} INFO - [2023-11-09T02:22:18.324+0000] {dag.py:3722} INFO - Setting next_dagrun for demo to 2023-11-09T00:00:00+00:00, run_after=2023-11-10T00:00:00+00:00
[2023-11-09T02:22:18.519+0000] {processor.py:179} INFO - Processing /opt/airflow/dags/my_first_dag.py took 0.336 seconds
[2023-11-09T02:22:48.840+0000] {processor.py:157} INFO - Started process (PID=790) to work on /opt/airflow/dags/my_first_dag.py
[2023-11-09T02:22:48.842+0000] {processor.py:829} INFO - Processing file /opt/airflow/dags/my_first_dag.py for tasks to queue
[2023-11-09T02:22:48.844+0000] {logging_mixin.py:151} INFO - [2023-11-09T02:22:48.844+0000] {dagbag.py:536} INFO - Filling up the DagBag from /opt/airflow/dags/my_first_dag.py
[2023-11-09T02:22:48.899+0000] {processor.py:839} INFO - DAG(s) dict_keys(['demo']) retrieved from /opt/airflow/dags/my_first_dag.py
[2023-11-09T02:22:48.938+0000] {logging_mixin.py:151} INFO - [2023-11-09T02:22:48.938+0000] {dag.py:2941} INFO - Sync 1 DAGs
[2023-11-09T02:22:48.972+0000] {logging_mixin.py:151} INFO - [2023-11-09T02:22:48.972+0000] {dag.py:3722} INFO - Setting next_dagrun for demo to 2023-11-09T00:00:00+00:00, run_after=2023-11-10T00:00:00+00:00
[2023-11-09T02:22:49.182+0000] {processor.py:179} INFO - Processing /opt/airflow/dags/my_first_dag.py took 0.347 seconds
[2023-11-09T02:23:19.489+0000] {processor.py:157} INFO - Started process (PID=800) to work on /opt/airflow/dags/my_first_dag.py
[2023-11-09T02:23:19.491+0000] {processor.py:829} INFO - Processing file /opt/airflow/dags/my_first_dag.py for tasks to queue
[2023-11-09T02:23:19.493+0000] {logging_mixin.py:151} INFO - [2023-11-09T02:23:19.493+0000] {dagbag.py:536} INFO - Filling up the DagBag from /opt/airflow/dags/my_first_dag.py
[2023-11-09T02:23:19.551+0000] {processor.py:839} INFO - DAG(s) dict_keys(['demo']) retrieved from /opt/airflow/dags/my_first_dag.py
[2023-11-09T02:23:19.590+0000] {logging_mixin.py:151} INFO - [2023-11-09T02:23:19.590+0000] {dag.py:2941} INFO - Sync 1 DAGs
[2023-11-09T02:23:19.625+0000] {logging_mixin.py:151} INFO - [2023-11-09T02:23:19.625+0000] {dag.py:3722} INFO - Setting next_dagrun for demo to 2023-11-09T00:00:00+00:00, run_after=2023-11-10T00:00:00+00:00
[2023-11-09T02:23:19.776+0000] {processor.py:179} INFO - Processing /opt/airflow/dags/my_first_dag.py took 0.291 seconds
[2023-11-09T02:23:50.083+0000] {processor.py:157} INFO - Started process (PID=812) to work on /opt/airflow/dags/my_first_dag.py
[2023-11-09T02:23:50.085+0000] {processor.py:829} INFO - Processing file /opt/airflow/dags/my_first_dag.py for tasks to queue
[2023-11-09T02:23:50.087+0000] {logging_mixin.py:151} INFO - [2023-11-09T02:23:50.087+0000] {dagbag.py:536} INFO - Filling up the DagBag from /opt/airflow/dags/my_first_dag.py
[2023-11-09T02:23:50.146+0000] {processor.py:839} INFO - DAG(s) dict_keys(['demo']) retrieved from /opt/airflow/dags/my_first_dag.py
[2023-11-09T02:23:50.193+0000] {logging_mixin.py:151} INFO - [2023-11-09T02:23:50.193+0000] {dag.py:2941} INFO - Sync 1 DAGs
[2023-11-09T02:23:50.230+0000] {logging_mixin.py:151} INFO - [2023-11-09T02:23:50.229+0000] {dag.py:3722} INFO - Setting next_dagrun for demo to 2023-11-09T00:00:00+00:00, run_after=2023-11-10T00:00:00+00:00
[2023-11-09T02:23:50.471+0000] {processor.py:179} INFO - Processing /opt/airflow/dags/my_first_dag.py took 0.393 seconds
[2023-11-09T02:24:20.830+0000] {processor.py:157} INFO - Started process (PID=826) to work on /opt/airflow/dags/my_first_dag.py
[2023-11-09T02:24:20.832+0000] {processor.py:829} INFO - Processing file /opt/airflow/dags/my_first_dag.py for tasks to queue
[2023-11-09T02:24:20.834+0000] {logging_mixin.py:151} INFO - [2023-11-09T02:24:20.834+0000] {dagbag.py:536} INFO - Filling up the DagBag from /opt/airflow/dags/my_first_dag.py
[2023-11-09T02:24:20.891+0000] {processor.py:839} INFO - DAG(s) dict_keys(['demo']) retrieved from /opt/airflow/dags/my_first_dag.py
[2023-11-09T02:24:20.934+0000] {logging_mixin.py:151} INFO - [2023-11-09T02:24:20.934+0000] {dag.py:2941} INFO - Sync 1 DAGs
[2023-11-09T02:24:20.972+0000] {logging_mixin.py:151} INFO - [2023-11-09T02:24:20.972+0000] {dag.py:3722} INFO - Setting next_dagrun for demo to 2023-11-09T00:00:00+00:00, run_after=2023-11-10T00:00:00+00:00
[2023-11-09T02:24:21.159+0000] {processor.py:179} INFO - Processing /opt/airflow/dags/my_first_dag.py took 0.334 seconds
[2023-11-09T02:24:51.512+0000] {processor.py:157} INFO - Started process (PID=838) to work on /opt/airflow/dags/my_first_dag.py
[2023-11-09T02:24:51.514+0000] {processor.py:829} INFO - Processing file /opt/airflow/dags/my_first_dag.py for tasks to queue
[2023-11-09T02:24:51.516+0000] {logging_mixin.py:151} INFO - [2023-11-09T02:24:51.515+0000] {dagbag.py:536} INFO - Filling up the DagBag from /opt/airflow/dags/my_first_dag.py
[2023-11-09T02:24:51.569+0000] {processor.py:839} INFO - DAG(s) dict_keys(['demo']) retrieved from /opt/airflow/dags/my_first_dag.py
[2023-11-09T02:24:51.610+0000] {logging_mixin.py:151} INFO - [2023-11-09T02:24:51.610+0000] {dag.py:2941} INFO - Sync 1 DAGs
[2023-11-09T02:24:51.650+0000] {logging_mixin.py:151} INFO - [2023-11-09T02:24:51.650+0000] {dag.py:3722} INFO - Setting next_dagrun for demo to 2023-11-09T00:00:00+00:00, run_after=2023-11-10T00:00:00+00:00
[2023-11-09T02:24:52.024+0000] {processor.py:179} INFO - Processing /opt/airflow/dags/my_first_dag.py took 0.517 seconds
[2023-11-09T02:25:22.330+0000] {processor.py:157} INFO - Started process (PID=855) to work on /opt/airflow/dags/my_first_dag.py
[2023-11-09T02:25:22.332+0000] {processor.py:829} INFO - Processing file /opt/airflow/dags/my_first_dag.py for tasks to queue
[2023-11-09T02:25:22.334+0000] {logging_mixin.py:151} INFO - [2023-11-09T02:25:22.333+0000] {dagbag.py:536} INFO - Filling up the DagBag from /opt/airflow/dags/my_first_dag.py
[2023-11-09T02:25:22.383+0000] {processor.py:839} INFO - DAG(s) dict_keys(['demo']) retrieved from /opt/airflow/dags/my_first_dag.py
[2023-11-09T02:25:22.421+0000] {logging_mixin.py:151} INFO - [2023-11-09T02:25:22.421+0000] {dag.py:2941} INFO - Sync 1 DAGs
[2023-11-09T02:25:22.457+0000] {logging_mixin.py:151} INFO - [2023-11-09T02:25:22.457+0000] {dag.py:3722} INFO - Setting next_dagrun for demo to 2023-11-09T00:00:00+00:00, run_after=2023-11-10T00:00:00+00:00
[2023-11-09T02:25:22.687+0000] {processor.py:179} INFO - Processing /opt/airflow/dags/my_first_dag.py took 0.361 seconds
[2023-11-09T02:25:52.940+0000] {processor.py:157} INFO - Started process (PID=867) to work on /opt/airflow/dags/my_first_dag.py
[2023-11-09T02:25:52.942+0000] {processor.py:829} INFO - Processing file /opt/airflow/dags/my_first_dag.py for tasks to queue
[2023-11-09T02:25:52.943+0000] {logging_mixin.py:151} INFO - [2023-11-09T02:25:52.942+0000] {dagbag.py:536} INFO - Filling up the DagBag from /opt/airflow/dags/my_first_dag.py
[2023-11-09T02:25:52.975+0000] {processor.py:839} INFO - DAG(s) dict_keys(['demo']) retrieved from /opt/airflow/dags/my_first_dag.py
[2023-11-09T02:25:53.015+0000] {logging_mixin.py:151} INFO - [2023-11-09T02:25:53.015+0000] {dag.py:2941} INFO - Sync 1 DAGs
[2023-11-09T02:25:53.049+0000] {logging_mixin.py:151} INFO - [2023-11-09T02:25:53.048+0000] {dag.py:3722} INFO - Setting next_dagrun for demo to 2023-11-09T00:00:00+00:00, run_after=2023-11-10T00:00:00+00:00
[2023-11-09T02:25:53.157+0000] {processor.py:179} INFO - Processing /opt/airflow/dags/my_first_dag.py took 0.220 seconds
[2023-11-09T02:26:23.382+0000] {processor.py:157} INFO - Started process (PID=872) to work on /opt/airflow/dags/my_first_dag.py
[2023-11-09T02:26:23.385+0000] {processor.py:829} INFO - Processing file /opt/airflow/dags/my_first_dag.py for tasks to queue
[2023-11-09T02:26:23.388+0000] {logging_mixin.py:151} INFO - [2023-11-09T02:26:23.387+0000] {dagbag.py:536} INFO - Filling up the DagBag from /opt/airflow/dags/my_first_dag.py
[2023-11-09T02:26:23.428+0000] {processor.py:839} INFO - DAG(s) dict_keys(['demo']) retrieved from /opt/airflow/dags/my_first_dag.py
[2023-11-09T02:26:23.461+0000] {logging_mixin.py:151} INFO - [2023-11-09T02:26:23.461+0000] {dag.py:2941} INFO - Sync 1 DAGs
[2023-11-09T02:26:23.489+0000] {logging_mixin.py:151} INFO - [2023-11-09T02:26:23.489+0000] {dag.py:3722} INFO - Setting next_dagrun for demo to 2023-11-09T00:00:00+00:00, run_after=2023-11-10T00:00:00+00:00
[2023-11-09T02:26:23.596+0000] {processor.py:179} INFO - Processing /opt/airflow/dags/my_first_dag.py took 0.228 seconds
[2023-11-09T02:26:53.807+0000] {processor.py:157} INFO - Started process (PID=884) to work on /opt/airflow/dags/my_first_dag.py
[2023-11-09T02:26:53.809+0000] {processor.py:829} INFO - Processing file /opt/airflow/dags/my_first_dag.py for tasks to queue
[2023-11-09T02:26:53.810+0000] {logging_mixin.py:151} INFO - [2023-11-09T02:26:53.810+0000] {dagbag.py:536} INFO - Filling up the DagBag from /opt/airflow/dags/my_first_dag.py
[2023-11-09T02:26:53.846+0000] {processor.py:839} INFO - DAG(s) dict_keys(['demo']) retrieved from /opt/airflow/dags/my_first_dag.py
[2023-11-09T02:26:53.873+0000] {logging_mixin.py:151} INFO - [2023-11-09T02:26:53.872+0000] {dag.py:2941} INFO - Sync 1 DAGs
[2023-11-09T02:26:53.899+0000] {logging_mixin.py:151} INFO - [2023-11-09T02:26:53.899+0000] {dag.py:3722} INFO - Setting next_dagrun for demo to 2023-11-09T00:00:00+00:00, run_after=2023-11-10T00:00:00+00:00
[2023-11-09T02:26:54.000+0000] {processor.py:179} INFO - Processing /opt/airflow/dags/my_first_dag.py took 0.197 seconds
[2023-11-09T02:27:24.210+0000] {processor.py:157} INFO - Started process (PID=896) to work on /opt/airflow/dags/my_first_dag.py
[2023-11-09T02:27:24.211+0000] {processor.py:829} INFO - Processing file /opt/airflow/dags/my_first_dag.py for tasks to queue
[2023-11-09T02:27:24.212+0000] {logging_mixin.py:151} INFO - [2023-11-09T02:27:24.212+0000] {dagbag.py:536} INFO - Filling up the DagBag from /opt/airflow/dags/my_first_dag.py
[2023-11-09T02:27:24.246+0000] {processor.py:839} INFO - DAG(s) dict_keys(['demo']) retrieved from /opt/airflow/dags/my_first_dag.py
[2023-11-09T02:27:24.271+0000] {logging_mixin.py:151} INFO - [2023-11-09T02:27:24.271+0000] {dag.py:2941} INFO - Sync 1 DAGs
[2023-11-09T02:27:24.293+0000] {logging_mixin.py:151} INFO - [2023-11-09T02:27:24.292+0000] {dag.py:3722} INFO - Setting next_dagrun for demo to 2023-11-09T00:00:00+00:00, run_after=2023-11-10T00:00:00+00:00
[2023-11-09T02:27:24.362+0000] {processor.py:179} INFO - Processing /opt/airflow/dags/my_first_dag.py took 0.156 seconds
[2023-11-09T02:27:54.565+0000] {processor.py:157} INFO - Started process (PID=908) to work on /opt/airflow/dags/my_first_dag.py
[2023-11-09T02:27:54.566+0000] {processor.py:829} INFO - Processing file /opt/airflow/dags/my_first_dag.py for tasks to queue
[2023-11-09T02:27:54.567+0000] {logging_mixin.py:151} INFO - [2023-11-09T02:27:54.567+0000] {dagbag.py:536} INFO - Filling up the DagBag from /opt/airflow/dags/my_first_dag.py
[2023-11-09T02:27:54.599+0000] {processor.py:839} INFO - DAG(s) dict_keys(['demo']) retrieved from /opt/airflow/dags/my_first_dag.py
[2023-11-09T02:27:54.624+0000] {logging_mixin.py:151} INFO - [2023-11-09T02:27:54.624+0000] {dag.py:2941} INFO - Sync 1 DAGs
[2023-11-09T02:27:54.647+0000] {logging_mixin.py:151} INFO - [2023-11-09T02:27:54.646+0000] {dag.py:3722} INFO - Setting next_dagrun for demo to 2023-11-09T00:00:00+00:00, run_after=2023-11-10T00:00:00+00:00
[2023-11-09T02:27:54.809+0000] {processor.py:179} INFO - Processing /opt/airflow/dags/my_first_dag.py took 0.248 seconds
[2023-11-09T02:28:25.019+0000] {processor.py:157} INFO - Started process (PID=920) to work on /opt/airflow/dags/my_first_dag.py
[2023-11-09T02:28:25.021+0000] {processor.py:829} INFO - Processing file /opt/airflow/dags/my_first_dag.py for tasks to queue
[2023-11-09T02:28:25.022+0000] {logging_mixin.py:151} INFO - [2023-11-09T02:28:25.021+0000] {dagbag.py:536} INFO - Filling up the DagBag from /opt/airflow/dags/my_first_dag.py
[2023-11-09T02:28:25.058+0000] {processor.py:839} INFO - DAG(s) dict_keys(['demo']) retrieved from /opt/airflow/dags/my_first_dag.py
[2023-11-09T02:28:25.083+0000] {logging_mixin.py:151} INFO - [2023-11-09T02:28:25.083+0000] {dag.py:2941} INFO - Sync 1 DAGs
[2023-11-09T02:28:25.103+0000] {logging_mixin.py:151} INFO - [2023-11-09T02:28:25.103+0000] {dag.py:3722} INFO - Setting next_dagrun for demo to 2023-11-09T00:00:00+00:00, run_after=2023-11-10T00:00:00+00:00
[2023-11-09T02:28:25.169+0000] {processor.py:179} INFO - Processing /opt/airflow/dags/my_first_dag.py took 0.153 seconds
[2023-11-09T02:28:55.340+0000] {processor.py:157} INFO - Started process (PID=932) to work on /opt/airflow/dags/my_first_dag.py
[2023-11-09T02:28:55.342+0000] {processor.py:829} INFO - Processing file /opt/airflow/dags/my_first_dag.py for tasks to queue
[2023-11-09T02:28:55.343+0000] {logging_mixin.py:151} INFO - [2023-11-09T02:28:55.343+0000] {dagbag.py:536} INFO - Filling up the DagBag from /opt/airflow/dags/my_first_dag.py
[2023-11-09T02:28:55.378+0000] {processor.py:839} INFO - DAG(s) dict_keys(['demo']) retrieved from /opt/airflow/dags/my_first_dag.py
[2023-11-09T02:28:55.406+0000] {logging_mixin.py:151} INFO - [2023-11-09T02:28:55.406+0000] {dag.py:2941} INFO - Sync 1 DAGs
[2023-11-09T02:28:55.429+0000] {logging_mixin.py:151} INFO - [2023-11-09T02:28:55.429+0000] {dag.py:3722} INFO - Setting next_dagrun for demo to 2023-11-09T00:00:00+00:00, run_after=2023-11-10T00:00:00+00:00
[2023-11-09T02:28:55.489+0000] {processor.py:179} INFO - Processing /opt/airflow/dags/my_first_dag.py took 0.152 seconds
[2023-11-09T02:29:25.558+0000] {processor.py:157} INFO - Started process (PID=944) to work on /opt/airflow/dags/my_first_dag.py
[2023-11-09T02:29:25.559+0000] {processor.py:829} INFO - Processing file /opt/airflow/dags/my_first_dag.py for tasks to queue
[2023-11-09T02:29:25.560+0000] {logging_mixin.py:151} INFO - [2023-11-09T02:29:25.560+0000] {dagbag.py:536} INFO - Filling up the DagBag from /opt/airflow/dags/my_first_dag.py
[2023-11-09T02:29:25.595+0000] {processor.py:839} INFO - DAG(s) dict_keys(['demo']) retrieved from /opt/airflow/dags/my_first_dag.py
[2023-11-09T02:29:25.621+0000] {logging_mixin.py:151} INFO - [2023-11-09T02:29:25.621+0000] {dag.py:2941} INFO - Sync 1 DAGs
[2023-11-09T02:29:25.647+0000] {logging_mixin.py:151} INFO - [2023-11-09T02:29:25.647+0000] {dag.py:3722} INFO - Setting next_dagrun for demo to 2023-11-09T00:00:00+00:00, run_after=2023-11-10T00:00:00+00:00
[2023-11-09T02:29:25.702+0000] {processor.py:179} INFO - Processing /opt/airflow/dags/my_first_dag.py took 0.148 seconds
[2023-11-09T02:29:55.906+0000] {processor.py:157} INFO - Started process (PID=956) to work on /opt/airflow/dags/my_first_dag.py
[2023-11-09T02:29:55.908+0000] {processor.py:829} INFO - Processing file /opt/airflow/dags/my_first_dag.py for tasks to queue
[2023-11-09T02:29:55.909+0000] {logging_mixin.py:151} INFO - [2023-11-09T02:29:55.909+0000] {dagbag.py:536} INFO - Filling up the DagBag from /opt/airflow/dags/my_first_dag.py
[2023-11-09T02:29:55.944+0000] {processor.py:839} INFO - DAG(s) dict_keys(['demo']) retrieved from /opt/airflow/dags/my_first_dag.py
[2023-11-09T02:29:55.969+0000] {logging_mixin.py:151} INFO - [2023-11-09T02:29:55.969+0000] {dag.py:2941} INFO - Sync 1 DAGs
[2023-11-09T02:29:55.992+0000] {logging_mixin.py:151} INFO - [2023-11-09T02:29:55.992+0000] {dag.py:3722} INFO - Setting next_dagrun for demo to 2023-11-09T00:00:00+00:00, run_after=2023-11-10T00:00:00+00:00
[2023-11-09T02:29:56.059+0000] {processor.py:179} INFO - Processing /opt/airflow/dags/my_first_dag.py took 0.156 seconds
[2023-11-09T02:30:26.360+0000] {processor.py:157} INFO - Started process (PID=968) to work on /opt/airflow/dags/my_first_dag.py
[2023-11-09T02:30:26.362+0000] {processor.py:829} INFO - Processing file /opt/airflow/dags/my_first_dag.py for tasks to queue
[2023-11-09T02:30:26.363+0000] {logging_mixin.py:151} INFO - [2023-11-09T02:30:26.363+0000] {dagbag.py:536} INFO - Filling up the DagBag from /opt/airflow/dags/my_first_dag.py
[2023-11-09T02:30:26.393+0000] {processor.py:839} INFO - DAG(s) dict_keys(['demo']) retrieved from /opt/airflow/dags/my_first_dag.py
[2023-11-09T02:30:26.417+0000] {logging_mixin.py:151} INFO - [2023-11-09T02:30:26.417+0000] {dag.py:2941} INFO - Sync 1 DAGs
[2023-11-09T02:30:26.439+0000] {logging_mixin.py:151} INFO - [2023-11-09T02:30:26.439+0000] {dag.py:3722} INFO - Setting next_dagrun for demo to 2023-11-09T00:00:00+00:00, run_after=2023-11-10T00:00:00+00:00
[2023-11-09T02:30:26.502+0000] {processor.py:179} INFO - Processing /opt/airflow/dags/my_first_dag.py took 0.145 seconds
[2023-11-09T02:30:56.700+0000] {processor.py:157} INFO - Started process (PID=980) to work on /opt/airflow/dags/my_first_dag.py
[2023-11-09T02:30:56.702+0000] {processor.py:829} INFO - Processing file /opt/airflow/dags/my_first_dag.py for tasks to queue
[2023-11-09T02:30:56.703+0000] {logging_mixin.py:151} INFO - [2023-11-09T02:30:56.703+0000] {dagbag.py:536} INFO - Filling up the DagBag from /opt/airflow/dags/my_first_dag.py
[2023-11-09T02:30:56.734+0000] {processor.py:839} INFO - DAG(s) dict_keys(['demo']) retrieved from /opt/airflow/dags/my_first_dag.py
[2023-11-09T02:30:56.759+0000] {logging_mixin.py:151} INFO - [2023-11-09T02:30:56.759+0000] {dag.py:2941} INFO - Sync 1 DAGs
[2023-11-09T02:30:56.783+0000] {logging_mixin.py:151} INFO - [2023-11-09T02:30:56.783+0000] {dag.py:3722} INFO - Setting next_dagrun for demo to 2023-11-09T00:00:00+00:00, run_after=2023-11-10T00:00:00+00:00
[2023-11-09T02:30:56.854+0000] {processor.py:179} INFO - Processing /opt/airflow/dags/my_first_dag.py took 0.157 seconds
[2023-11-09T02:31:27.055+0000] {processor.py:157} INFO - Started process (PID=993) to work on /opt/airflow/dags/my_first_dag.py
[2023-11-09T02:31:27.056+0000] {processor.py:829} INFO - Processing file /opt/airflow/dags/my_first_dag.py for tasks to queue
[2023-11-09T02:31:27.057+0000] {logging_mixin.py:151} INFO - [2023-11-09T02:31:27.057+0000] {dagbag.py:536} INFO - Filling up the DagBag from /opt/airflow/dags/my_first_dag.py
[2023-11-09T02:31:27.090+0000] {processor.py:839} INFO - DAG(s) dict_keys(['demo']) retrieved from /opt/airflow/dags/my_first_dag.py
[2023-11-09T02:31:27.114+0000] {logging_mixin.py:151} INFO - [2023-11-09T02:31:27.114+0000] {dag.py:2941} INFO - Sync 1 DAGs
[2023-11-09T02:31:27.136+0000] {logging_mixin.py:151} INFO - [2023-11-09T02:31:27.136+0000] {dag.py:3722} INFO - Setting next_dagrun for demo to 2023-11-09T00:00:00+00:00, run_after=2023-11-10T00:00:00+00:00
[2023-11-09T02:31:27.183+0000] {processor.py:179} INFO - Processing /opt/airflow/dags/my_first_dag.py took 0.131 seconds
